Bridge contract deployment started
Bridge mode: NATIVE_TO_ERC
========================================
deploying ForeignBridge
========================================

[Foreign] BRIDGEABLE_TOKEN_SYMBOL:  0xb4cd7A4D1489402737603205250CB742Ad404775
deploying storage for foreign validators
eth_sendRawTransaction { jsonrpc: '2.0',
  id: 1,
  result: '0xa84089d6f422ab88171484c8b2164e3b582a5c23b1f3f8a439dbe6329fe9cf65' }
pending txHash 0xa84089d6f422ab88171484c8b2164e3b582a5c23b1f3f8a439dbe6329fe9cf65
eth_getTransactionReceipt { jsonrpc: '2.0', id: 1, result: null }
eth_getTransactionReceipt { jsonrpc: '2.0', id: 1, result: null }
eth_getTransactionReceipt { jsonrpc: '2.0', id: 1, result: null }
eth_getTransactionReceipt { jsonrpc: '2.0', id: 1, result: null }
eth_getTransactionReceipt { jsonrpc: '2.0', id: 1, result: null }
eth_getTransactionReceipt { jsonrpc: '2.0', id: 1, result: null }
eth_getTransactionReceipt { jsonrpc: '2.0', id: 1, result: null }
eth_getTransactionReceipt { jsonrpc: '2.0', id: 1, result: null }
eth_getTransactionReceipt { jsonrpc: '2.0', id: 1, result: null }
eth_getTransactionReceipt { jsonrpc: '2.0', id: 1, result: null }
eth_getTransactionReceipt { jsonrpc: '2.0', id: 1, result: null }
eth_getTransactionReceipt { jsonrpc: '2.0', id: 1, result: null }
eth_getTransactionReceipt { jsonrpc: '2.0',
  id: 1,
  result: 
   { blockHash: '0xa749229ff64d8f218eb42de60bd1e9f12742476fe1d8a75de8383dd86533a990',
     blockNumber: '0x870241',
     contractAddress: '0x8746847b49f7fbe1807ae5de72c0801dbd7fdbe7',
     cumulativeGasUsed: '0x1f16b6',
     from: '0x2ae307b3d04e60cbeacdbe4cb95e811d496ba875',
     gasUsed: '0x5c68e',
     logs: [],
     logsBloom: '0x00000000000000000000000000000000000000000000000000000000000000000000000000000000000000000000000000000000000000000000000000000000000000000000000000000000000000000000000000000000000000000000000000000000000000000000000000000000000000000000000000000000000000000000000000000000000000000000000000000000000000000000000000000000000000000000000000000000000000000000000000000000000000000000000000000000000000000000000000000000000000000000000000000000000000000000000000000000000000000000000000000000000000000000000000000000',
     status: '0x1',
     to: null,
     transactionHash: '0xa84089d6f422ab88171484c8b2164e3b582a5c23b1f3f8a439dbe6329fe9cf65',
     transactionIndex: '0xd' } }
[Foreign] BridgeValidators Storage:  0x8746847b49F7fBe1807aE5DE72c0801Dbd7fDBE7

deploying implementation for foreign validators
eth_sendRawTransaction { jsonrpc: '2.0',
  id: 1,
  result: '0x49d6ec7e5bfb3cca1c6690e6f4495f80829742a65709b56d422126707b3643b6' }
pending txHash 0x49d6ec7e5bfb3cca1c6690e6f4495f80829742a65709b56d422126707b3643b6
eth_getTransactionReceipt { jsonrpc: '2.0', id: 1, result: null }
eth_getTransactionReceipt { jsonrpc: '2.0', id: 1, result: null }
eth_getTransactionReceipt { jsonrpc: '2.0', id: 1, result: null }
eth_getTransactionReceipt { jsonrpc: '2.0', id: 1, result: null }
eth_getTransactionReceipt { jsonrpc: '2.0', id: 1, result: null }
eth_getTransactionReceipt { jsonrpc: '2.0',
  id: 1,
  result: 
   { blockHash: '0x3fb0851ebc907d479868bc0bf7782f461fd5df835d949ab15d385159ce9d0ae9',
     blockNumber: '0x870244',
     contractAddress: '0x67d26ec26421e8871e5bb11d87eb2c7511e3d7c8',
     cumulativeGasUsed: '0x4df3cd',
     from: '0x2ae307b3d04e60cbeacdbe4cb95e811d496ba875',
     gasUsed: '0x10ee5e',
     logs: [],
     logsBloom: '0x00000000000000000000000000000000000000000000000000000000000000000000000000000000000000000000000000000000000000000000000000000000000000000000000000000000000000000000000000000000000000000000000000000000000000000000000000000000000000000000000000000000000000000000000000000000000000000000000000000000000000000000000000000000000000000000000000000000000000000000000000000000000000000000000000000000000000000000000000000000000000000000000000000000000000000000000000000000000000000000000000000000000000000000000000000000',
     status: '0x1',
     to: null,
     transactionHash: '0x49d6ec7e5bfb3cca1c6690e6f4495f80829742a65709b56d422126707b3643b6',
     transactionIndex: '0x61' } }
[Foreign] BridgeValidators Implementation:  0x67D26eC26421E8871E5Bb11D87eb2c7511E3D7C8

hooking up eternal storage to BridgeValidators
eth_sendRawTransaction { jsonrpc: '2.0',
  id: 1,
  result: '0x13f250b515abaddaf8b11c6c638e64b6a25fc6e1c1181af12104b3cce55526a7' }
pending txHash 0x13f250b515abaddaf8b11c6c638e64b6a25fc6e1c1181af12104b3cce55526a7
eth_getTransactionReceipt { jsonrpc: '2.0', id: 1, result: null }
eth_getTransactionReceipt { jsonrpc: '2.0', id: 1, result: null }
eth_getTransactionReceipt { jsonrpc: '2.0', id: 1, result: null }
eth_getTransactionReceipt { jsonrpc: '2.0', id: 1, result: null }
eth_getTransactionReceipt { jsonrpc: '2.0',
  id: 1,
  result: 
   { blockHash: '0xd2e93bb5f7386853b3d3470cfb35b6bfacc91875cbf632a5a6416dcc656dbb4c',
     blockNumber: '0x870249',
     contractAddress: null,
     cumulativeGasUsed: '0x2549f',
     from: '0x2ae307b3d04e60cbeacdbe4cb95e811d496ba875',
     gasUsed: '0x1014f',
     logs: [ [Object] ],
     logsBloom: '0x00040000000000000000000000000000000200000000000000000000000000000000000000000000000000010000100000000000000000000000000000000000000000000000000000020000000000000000000000000000000000000000000000000000000000000000000000000000000000000000000000000000000000000000000000000000000000000000000000000000000000000004000000000000000000000000000000000000000000000000000000000000000000000000000000000100000000000000000000000000000000080000000000000000000000000000000000000000000000000000000000000000000000000000000000000020',
     status: '0x1',
     to: '0x8746847b49f7fbe1807ae5de72c0801dbd7fdbe7',
     transactionHash: '0x13f250b515abaddaf8b11c6c638e64b6a25fc6e1c1181af12104b3cce55526a7',
     transactionIndex: '0x2' } }

initializing Foreign Bridge Validators with following parameters:

REQUIRED_NUMBER_OF_VALIDATORS: 2, VALIDATORS: 0x810b8e3B6584F13E7c08B79f6FA8440F1D915C5c,0x801131D66CB05Ac530895c0FbDF3FA637BA2572a,0x5E125722714C7df3d1191A86ba891c7Adbc1A7dF
eth_sendRawTransaction { jsonrpc: '2.0',
  id: 1,
  result: '0x64d73540f496343d7e2aca3488c2132135aa2f0bc9d6aa052ab00b082428b4cf' }
pending txHash 0x64d73540f496343d7e2aca3488c2132135aa2f0bc9d6aa052ab00b082428b4cf
eth_getTransactionReceipt { jsonrpc: '2.0', id: 1, result: null }
eth_getTransactionReceipt { jsonrpc: '2.0',
  id: 1,
  result: 
   { blockHash: '0x4a54b59b241296789e4d0f68f736100f90e8635030cc5835704128440d856810',
     blockNumber: '0x87024a',
     contractAddress: null,
     cumulativeGasUsed: '0x53496b',
     from: '0x2ae307b3d04e60cbeacdbe4cb95e811d496ba875',
     gasUsed: '0x35c4f',
     logs: [ [Object], [Object], [Object], [Object], [Object] ],
     logsBloom: '0x00000000000020000000000000000000000200000000000000800000000000000000000000000000000000000000100000200000000000000000000000000000000000000000000000000000000000000001040000000000000000000000000000000000000000000000000000000100000000000000000002100000000000400000000000000000000000000004000000000800000004000000000000000000080000000000000000000000000020000000000000000000000000000000000000000000000000000000000000000000000000000000400000000000000000000000000000000000000000000000000000400000000000400000000000000020',
     status: '0x1',
     to: '0x8746847b49f7fbe1807ae5de72c0801dbd7fdbe7',
     transactionHash: '0x64d73540f496343d7e2aca3488c2132135aa2f0bc9d6aa052ab00b082428b4cf',
     transactionIndex: '0x78' } }

Transferring ownership of ValidatorsProxy

eth_sendRawTransaction { jsonrpc: '2.0',
  id: 1,
  result: '0x7cd68eaeb2d8226e76946bcb9665bfbe2fd609e20309fe845ad7ea7b34b9d374' }
pending txHash 0x7cd68eaeb2d8226e76946bcb9665bfbe2fd609e20309fe845ad7ea7b34b9d374
eth_getTransactionReceipt { jsonrpc: '2.0',
  id: 1,
  result: 
   { blockHash: '0xaaa964ced648e22e3a080342b3cb47f849027fb751878243295142022572f41a',
     blockNumber: '0x87024e',
     contractAddress: null,
     cumulativeGasUsed: '0x311629',
     from: '0x2ae307b3d04e60cbeacdbe4cb95e811d496ba875',
     gasUsed: '0x77bd',
     logs: [ [Object] ],
     logsBloom: '0x00000000000800000000000000000000000200000000000000000000000000000020000000000000000000000000100000000000000000000000000000000000000000000000000000000000000000000000000000000000000000000000000000000000000000000000000000000000000000000000000000000000000000000000000000000000000000000000000000000002000000000000000000000000000000000000000000000000000000000000000000000000000000000000000000000000000000000000000000000000000000000000000000000000000000000000000000000000000000000000000000000000000000000000000000000020',
     status: '0x1',
     to: '0x8746847b49f7fbe1807ae5de72c0801dbd7fdbe7',
     transactionHash: '0x7cd68eaeb2d8226e76946bcb9665bfbe2fd609e20309fe845ad7ea7b34b9d374',
     transactionIndex: '0x35' } }

deploying foreignBridge storage

eth_sendRawTransaction { jsonrpc: '2.0',
  id: 1,
  result: '0x749ede3b3d925a200e4afc6d5a1acff2aefb589d3075152c7b9d941f3641db84' }
pending txHash 0x749ede3b3d925a200e4afc6d5a1acff2aefb589d3075152c7b9d941f3641db84
eth_getTransactionReceipt { jsonrpc: '2.0', id: 1, result: null }
eth_getTransactionReceipt { jsonrpc: '2.0',
  id: 1,
  result: 
   { blockHash: '0x2d71d642644f631ffad537f47c6ef9041d90c9a34ddcddb633d2e70defd937f4',
     blockNumber: '0x870251',
     contractAddress: '0xb650d52f73da1ff9791d256676548a89d11e74f6',
     cumulativeGasUsed: '0x1d8123',
     from: '0x2ae307b3d04e60cbeacdbe4cb95e811d496ba875',
     gasUsed: '0x5c68e',
     logs: [],
     logsBloom: '0x00000000000000000000000000000000000000000000000000000000000000000000000000000000000000000000000000000000000000000000000000000000000000000000000000000000000000000000000000000000000000000000000000000000000000000000000000000000000000000000000000000000000000000000000000000000000000000000000000000000000000000000000000000000000000000000000000000000000000000000000000000000000000000000000000000000000000000000000000000000000000000000000000000000000000000000000000000000000000000000000000000000000000000000000000000000',
     status: '0x1',
     to: null,
     transactionHash: '0x749ede3b3d925a200e4afc6d5a1acff2aefb589d3075152c7b9d941f3641db84',
     transactionIndex: '0x2b' } }
[Foreign] ForeignBridge Storage:  0xB650D52f73da1Ff9791D256676548a89d11E74f6

deploying foreignBridge implementation

eth_sendRawTransaction { jsonrpc: '2.0',
  id: 1,
  result: '0xa2cc1a1586fa93849632cf64023dce4aea0f8ba86560fcf9fe42802242652f9a' }
pending txHash 0xa2cc1a1586fa93849632cf64023dce4aea0f8ba86560fcf9fe42802242652f9a
eth_getTransactionReceipt { jsonrpc: '2.0', id: 1, result: null }
eth_getTransactionReceipt { jsonrpc: '2.0', id: 1, result: null }
eth_getTransactionReceipt { jsonrpc: '2.0', id: 1, result: null }
eth_getTransactionReceipt { jsonrpc: '2.0', id: 1, result: null }
eth_getTransactionReceipt { jsonrpc: '2.0', id: 1, result: null }
eth_getTransactionReceipt { jsonrpc: '2.0',
  id: 1,
  result: 
   { blockHash: '0xa7d626fc0b46c8eceb6974c55f0ac1a043d08182a2fd15fdc538dfc353c05327',
     blockNumber: '0x870255',
     contractAddress: '0x4646eed00b447029c6628389d7e7c23b5163c681',
     cumulativeGasUsed: '0x551fdf',
     from: '0x2ae307b3d04e60cbeacdbe4cb95e811d496ba875',
     gasUsed: '0x2f93dc',
     logs: [],
     logsBloom: '0x00000000000000000000000000000000000000000000000000000000000000000000000000000000000000000000000000000000000000000000000000000000000000000000000000000000000000000000000000000000000000000000000000000000000000000000000000000000000000000000000000000000000000000000000000000000000000000000000000000000000000000000000000000000000000000000000000000000000000000000000000000000000000000000000000000000000000000000000000000000000000000000000000000000000000000000000000000000000000000000000000000000000000000000000000000000',
     status: '0x1',
     to: null,
     transactionHash: '0xa2cc1a1586fa93849632cf64023dce4aea0f8ba86560fcf9fe42802242652f9a',
     transactionIndex: '0x34' } }
[Foreign] ForeignBridge Implementation:  0x4646EEd00b447029c6628389d7e7C23B5163C681

hooking up ForeignBridge storage to ForeignBridge implementation
eth_sendRawTransaction { jsonrpc: '2.0',
  id: 1,
  result: '0xb84aa654a9b2922273e2351ed3bf13708af1b802096e7e3619de98516d9fc439' }
pending txHash 0xb84aa654a9b2922273e2351ed3bf13708af1b802096e7e3619de98516d9fc439
eth_getTransactionReceipt { jsonrpc: '2.0', id: 1, result: null }
eth_getTransactionReceipt { jsonrpc: '2.0', id: 1, result: null }
eth_getTransactionReceipt { jsonrpc: '2.0',
  id: 1,
  result: 
   { blockHash: '0xbcb6befa747c386a109086b813358cff6ebc67e6ee80dc6e3951796970025830',
     blockNumber: '0x870258',
     contractAddress: null,
     cumulativeGasUsed: '0x328966',
     from: '0x2ae307b3d04e60cbeacdbe4cb95e811d496ba875',
     gasUsed: '0x1014f',
     logs: [ [Object] ],
     logsBloom: '0x00000000000000000001000000000000000000000000000000000000000000000000000000000000000000010000000000000000000000000000000000000000000000000000000000000000000000000000000000000000000000000000000000000000200000000000000000000000002000000000000010000000000000000000000000000000000000000000000000000000000000000004000000000004000000000000000000000000000000000000000000000000000000000000000000000000000000000000000000000000000000080000000000000000000000000000000000000000000000000000000000000000000000000000080000000000',
     status: '0x1',
     to: '0xb650d52f73da1ff9791d256676548a89d11e74f6',
     transactionHash: '0xb84aa654a9b2922273e2351ed3bf13708af1b802096e7e3619de98516d9fc439',
     transactionIndex: '0x5e' } }

initializing Foreign Bridge with following parameters:

Foreign Validators: 0x8746847b49F7fBe1807aE5DE72c0801Dbd7fDBE7,
  FOREIGN_DAILY_LIMIT : 10000000000000000000000000 which is 10000000 in eth,
  FOREIGN_MAX_AMOUNT_PER_TX: 100000000000000000000000 which is 100000 in eth,
  FOREIGN_MIN_AMOUNT_PER_TX: 1000000000000000 which is 0.001 in eth
  
eth_sendRawTransaction { jsonrpc: '2.0',
  id: 1,
  result: '0x9442cd67a258c397f941fe95ab9b01d0db9ff7482d8ac3b040a76d9ec97a342c' }
pending txHash 0x9442cd67a258c397f941fe95ab9b01d0db9ff7482d8ac3b040a76d9ec97a342c
eth_getTransactionReceipt { jsonrpc: '2.0', id: 1, result: null }
eth_getTransactionReceipt { jsonrpc: '2.0', id: 1, result: null }
eth_getTransactionReceipt { jsonrpc: '2.0', id: 1, result: null }
eth_getTransactionReceipt { jsonrpc: '2.0', id: 1, result: null }
eth_getTransactionReceipt { jsonrpc: '2.0',
  id: 1,
  result: 
   { blockHash: '0x2d085b8c6f525e165c1c380cf540bce0f49c016976e84c4e03a88877f2db8441',
     blockNumber: '0x87025a',
     contractAddress: null,
     cumulativeGasUsed: '0x646843',
     from: '0x2ae307b3d04e60cbeacdbe4cb95e811d496ba875',
     gasUsed: '0x452e6',
     logs: [ [Object] ],
     logsBloom: '0x00000000000000000001000000000000000000000000000000800000000000000000000000000000000000000000000000000000000000000000000000000000000000000000000000000000000000000001000000000000000000000000000000000000000000000000000000000000002000000000000010000000000000400000000000000000000000000000000000000000000000000000000000000000000000000000000000000000000000000000000000000000000000000000000000000000000000000000000000000000000000000000000000000000000000000000000000000000000000000000000000000000000000000000000000000000',
     status: '0x1',
     to: '0xb650d52f73da1ff9791d256676548a89d11e74f6',
     transactionHash: '0x9442cd67a258c397f941fe95ab9b01d0db9ff7482d8ac3b040a76d9ec97a342c',
     transactionIndex: '0x88' } }

set bridge contract on ERC677BridgeToken
eth_sendRawTransaction { jsonrpc: '2.0',
  id: 1,
  result: '0x0ea0916f66f089a19811231203ec272d7687f68e7dd2784db48d14aa7146cca0' }
pending txHash 0x0ea0916f66f089a19811231203ec272d7687f68e7dd2784db48d14aa7146cca0
eth_getTransactionReceipt { jsonrpc: '2.0', id: 1, result: null }
eth_getTransactionReceipt { jsonrpc: '2.0', id: 1, result: null }
eth_getTransactionReceipt { jsonrpc: '2.0', id: 1, result: null }
eth_getTransactionReceipt { jsonrpc: '2.0', id: 1, result: null }
eth_getTransactionReceipt { jsonrpc: '2.0', id: 1, result: null }
eth_getTransactionReceipt { jsonrpc: '2.0', id: 1, result: null }
eth_getTransactionReceipt { jsonrpc: '2.0', id: 1, result: null }
eth_getTransactionReceipt { jsonrpc: '2.0', id: 1, result: null }
eth_getTransactionReceipt { jsonrpc: '2.0', id: 1, result: null }
eth_getTransactionReceipt { jsonrpc: '2.0', id: 1, result: null }
eth_getTransactionReceipt { jsonrpc: '2.0', id: 1, result: null }
eth_getTransactionReceipt { jsonrpc: '2.0', id: 1, result: null }
eth_getTransactionReceipt { jsonrpc: '2.0', id: 1, result: null }
eth_getTransactionReceipt { jsonrpc: '2.0', id: 1, result: null }
eth_getTransactionReceipt { jsonrpc: '2.0',
  id: 1,
  result: 
   { blockHash: '0x86a4e47153eafb5ef99bf42fd7dde18917db73dc66cbcfe7b553810d397b7c84',
     blockNumber: '0x87025f',
     contractAddress: null,
     cumulativeGasUsed: '0x72e38',
     from: '0x2ae307b3d04e60cbeacdbe4cb95e811d496ba875',
     gasUsed: '0x7c39',
     logs: [ [Object] ],
     logsBloom: '0x00000010000000000000000004000000000000000000000000000000000000000000000000000000000000000000000000000000000000000000000000000000000000000000000000000000000000000000000000000000000000000000000000000000020000000000000000000800000000000000000000000000000000000000000000000000000000000000000000000200000000000000000000000000000000020010000000200000000000002000000000000000000000000000000000000000000000000000000000000000000000000000000000080000000020000000000000000000000000000000000000000000000000000000000000000400',
     status: '0x1',
     to: '0xb4cd7a4d1489402737603205250cb742ad404775',
     transactionHash: '0x0ea0916f66f089a19811231203ec272d7687f68e7dd2784db48d14aa7146cca0',
     transactionIndex: '0xe' } }
eth_sendRawTransaction { jsonrpc: '2.0',
  id: 1,
  result: '0xe69143334b230c98c7710a3950e90a807db311408458e3fea9c2f2c1fb6030ce' }
pending txHash 0xe69143334b230c98c7710a3950e90a807db311408458e3fea9c2f2c1fb6030ce
eth_getTransactionReceipt { jsonrpc: '2.0', id: 1, result: null }
eth_getTransactionReceipt { jsonrpc: '2.0', id: 1, result: null }
eth_getTransactionReceipt { jsonrpc: '2.0', id: 1, result: null }
eth_getTransactionReceipt { jsonrpc: '2.0', id: 1, result: null }
eth_getTransactionReceipt { jsonrpc: '2.0', id: 1, result: null }
eth_getTransactionReceipt { jsonrpc: '2.0',
  id: 1,
  result: 
   { blockHash: '0x349b6099395c487c142a94c86e08f235eee5f25d635631e82b252243ddf63d61',
     blockNumber: '0x870265',
     contractAddress: null,
     cumulativeGasUsed: '0x1c6b04',
     from: '0x2ae307b3d04e60cbeacdbe4cb95e811d496ba875',
     gasUsed: '0x77bd',
     logs: [ [Object] ],
     logsBloom: '0x00000000000800000001000000000000000000000000000000000000000000000020000000000000000000000000000000000000000000000000000000000000000000000000000000000000000000000000000000000000000000000000000000000000000000000000000000000000002000000000000010000000000000000000000000000000000000000000000000000002000000000000000000000000000000000000000000000000000000000000000000000000000000000000000000000000000000000000000000000000000000000000000000000000000000000000000000000000000000000000000000000000000000000000000000000000',
     status: '0x1',
     to: '0xb650d52f73da1ff9791d256676548a89d11e74f6',
     transactionHash: '0xe69143334b230c98c7710a3950e90a807db311408458e3fea9c2f2c1fb6030ce',
     transactionIndex: '0x1a' } }

Foreign Deployment Bridge completed


Deployment has been completed.



[ Foreign ] ForeignBridge: 0xB650D52f73da1Ff9791D256676548a89d11E74f6 at block 8847953
[ Foreign ] ERC677 Bridgeable Token: 0xb4cd7A4D1489402737603205250CB742Ad404775
Contracts Deployment have been saved to `bridgeDeploymentResults.json`
{
    "foreignBridge": {
        "address": "0xB650D52f73da1Ff9791D256676548a89d11E74f6",
        "deployedBlockNumber": 8847953,
        "erc677": {
            "address": "0xb4cd7A4D1489402737603205250CB742Ad404775"
        }
    }
}
